Flow report for ls160
Mon Apr 27 00:24:19 2015
Quartus II Version 9.0 Build 235 06/17/2009 Service Pack 2 SJ Web Edition


---------------------
; Table of Contents ;
---------------------
  1. Legal Notice
  2. Flow Summary
  3. Flow Settings
  4. Flow Non-Default Global Settings
  5. Flow Elapsed Time
  6. Flow OS Summary
  7. Flow Log



----------------
; Legal Notice ;
----------------
Copyright (C) 1991-2009 Altera Corporation
Your use of Altera Corporation's design tools, logic functions 
and other software and tools, and its AMPP partner logic 
functions, and any output files from any of the foregoing 
(including device programming or simulation files), and any 
associated documentation or information are expressly subject 
to the terms and conditions of the Altera Program License 
Subscription Agreement, Altera MegaCore Function License 
Agreement, or other applicable license agreement, including, 
without limitation, that your use is for the sole purpose of 
programming logic devices manufactured by Altera and sold by 
Altera or its authorized distributors.  Please refer to the 
applicable agreement for further details.



+------------------------------------------------------------------------+
; Flow Summary                                                           ;
+-------------------------+----------------------------------------------+
; Flow Status             ; Successful - Mon Apr 27 00:24:19 2015        ;
; Quartus II Version      ; 9.0 Build 235 06/17/2009 SP 2 SJ Web Edition ;
; Revision Name           ; ls160                                        ;
; Top-level Entity Name   ; ls160                                        ;
; Family                  ; ACEX1K                                       ;
; Device                  ; EP1K50QC208-3                                ;
; Timing Models           ; Final                                        ;
; Met timing requirements ; Yes                                          ;
; Total logic elements    ; 14 / 2,880 ( < 1 % )                         ;
; Total pins              ; 14 / 147 ( 10 % )                            ;
; Total memory bits       ; 0 / 40,960 ( 0 % )                           ;
; Total PLLs              ; 0                                            ;
+-------------------------+----------------------------------------------+


+-----------------------------------------+
; Flow Settings                           ;
+-------------------+---------------------+
; Option            ; Setting             ;
+-------------------+---------------------+
; Start date & time ; 04/27/2015 00:24:10 ;
; Main task         ; Compilation         ;
; Revision Name     ; ls160               ;
+-------------------+---------------------+


+------------------------------------------------------------------------------------------------------------------------+
; Flow Non-Default Global Settings                                                                                       ;
+------------------------------------+-------------------------------+---------------+-------------+---------------------+
; Assignment Name                    ; Value                         ; Default Value ; Entity Name ; Section Id          ;
+------------------------------------+-------------------------------+---------------+-------------+---------------------+
; COMPILER_SIGNATURE_ID              ; 2432934568873.143006545051184 ; --            ; --          ; --                  ;
; EDA_OUTPUT_DATA_FORMAT             ; Verilog Hdl                   ; --            ; --          ; eda_timing_analysis ;
; EDA_TIMING_ANALYSIS_TOOL           ; PrimeTime (Verilog)           ; <None>        ; --          ; --                  ;
; MAX_CORE_JUNCTION_TEMP             ; 85                            ; --            ; --          ; --                  ;
; MIN_CORE_JUNCTION_TEMP             ; 0                             ; --            ; --          ; --                  ;
; USE_GENERATED_PHYSICAL_CONSTRAINTS ; Off                           ; --            ; --          ; eda_blast_fpga      ;
+------------------------------------+-------------------------------+---------------+-------------+---------------------+


+-----------------------------------------------------------------------------------------------------------------------------+
; Flow Elapsed Time                                                                                                           ;
+-------------------------+--------------+-------------------------+---------------------+------------------------------------+
; Module Name             ; Elapsed Time ; Average Processors Used ; Peak Virtual Memory ; Total CPU Time (on all processors) ;
+-------------------------+--------------+-------------------------+---------------------+------------------------------------+
; Analysis & Synthesis    ; 00:00:02     ; 1.0                     ; 237 MB              ; 00:00:01                           ;
; Fitter                  ; 00:00:02     ; 1.0                     ; 188 MB              ; 00:00:02                           ;
; Assembler               ; 00:00:00     ; 1.0                     ; 191 MB              ; 00:00:00                           ;
; Classic Timing Analyzer ; 00:00:00     ; 1.0                     ; 159 MB              ; 00:00:00                           ;
; EDA Netlist Writer      ; 00:00:00     ; 1.0                     ; 162 MB              ; 00:00:00                           ;
; Total                   ; 00:00:04     ; --                      ; --                  ; 00:00:03                           ;
+-------------------------+--------------+-------------------------+---------------------+------------------------------------+


+------------------------------------------------------------------------------------------+
; Flow OS Summary                                                                          ;
+-------------------------+------------------+---------------+------------+----------------+
; Module Name             ; Machine Hostname ; OS Name       ; OS Version ; Processor type ;
+-------------------------+------------------+---------------+------------+----------------+
; Analysis & Synthesis    ; lincanbin-pc     ; Windows Vista ; 6.2        ; x86_64         ;
; Fitter                  ; lincanbin-pc     ; Windows Vista ; 6.2        ; x86_64         ;
; Assembler               ; lincanbin-pc     ; Windows Vista ; 6.2        ; x86_64         ;
; Classic Timing Analyzer ; lincanbin-pc     ; Windows Vista ; 6.2        ; x86_64         ;
; EDA Netlist Writer      ; lincanbin-pc     ; Windows Vista ; 6.2        ; x86_64         ;
+-------------------------+------------------+---------------+------------+----------------+


------------
; Flow Log ;
------------
quartus_map --read_settings_files=on --write_settings_files=off ls160 -c ls160
quartus_fit --read_settings_files=off --write_settings_files=off ls160 -c ls160
quartus_asm --read_settings_files=off --write_settings_files=off ls160 -c ls160
quartus_tan --read_settings_files=off --write_settings_files=off ls160 -c ls160
quartus_eda --read_settings_files=off --write_settings_files=off ls160 -c ls160



