Classic Timing Analyzer report for ls160
Mon Apr 27 00:24:18 2015
Quartus II Version 9.0 Build 235 06/17/2009 Service Pack 2 SJ Web Edition


---------------------
; Table of Contents ;
---------------------
  1. Legal Notice
  2. Timing Analyzer Summary
  3. Timing Analyzer Settings
  4. Clock Settings Summary
  5. Parallel Compilation
  6. Clock Setup: 'clk'
  7. tsu
  8. tco
  9. tpd
 10. th
 11. Timing Analyzer Messages



----------------
; Legal Notice ;
----------------
Copyright (C) 1991-2009 Altera Corporation
Your use of Altera Corporation's design tools, logic functions 
and other software and tools, and its AMPP partner logic 
functions, and any output files from any of the foregoing 
(including device programming or simulation files), and any 
associated documentation or information are expressly subject 
to the terms and conditions of the Altera Program License 
Subscription Agreement, Altera MegaCore Function License 
Agreement, or other applicable license agreement, including, 
without limitation, that your use is for the sole purpose of 
programming logic devices manufactured by Altera and sold by 
Altera or its authorized distributors.  Please refer to the 
applicable agreement for further details.



+----------------------------------------------------------------------------------------------------------------------------------------------------------------+
; Timing Analyzer Summary                                                                                                                                        ;
+------------------------------+-------+---------------+----------------------------------+---------------+---------------+------------+----------+--------------+
; Type                         ; Slack ; Required Time ; Actual Time                      ; From          ; To            ; From Clock ; To Clock ; Failed Paths ;
+------------------------------+-------+---------------+----------------------------------+---------------+---------------+------------+----------+--------------+
; Worst-case tsu               ; N/A   ; None          ; 6.600 ns                         ; data[1]       ; count[1]~reg0 ; --         ; clk      ; 0            ;
; Worst-case tco               ; N/A   ; None          ; 13.500 ns                        ; count[0]~reg0 ; tc            ; clk        ; --       ; 0            ;
; Worst-case tpd               ; N/A   ; None          ; 13.200 ns                        ; ent           ; tc            ; --         ; --       ; 0            ;
; Worst-case th                ; N/A   ; None          ; -0.600 ns                        ; clr           ; count[0]~reg0 ; --         ; clk      ; 0            ;
; Clock Setup: 'clk'           ; N/A   ; None          ; 144.93 MHz ( period = 6.900 ns ) ; count[2]~reg0 ; count[1]~reg0 ; clk        ; clk      ; 0            ;
; Total number of failed paths ;       ;               ;                                  ;               ;               ;            ;          ; 0            ;
+------------------------------+-------+---------------+----------------------------------+---------------+---------------+------------+----------+--------------+


+--------------------------------------------------------------------------------------------------------------------+
; Timing Analyzer Settings                                                                                           ;
+---------------------------------------------------------------------+--------------------+------+----+-------------+
; Option                                                              ; Setting            ; From ; To ; Entity Name ;
+---------------------------------------------------------------------+--------------------+------+----+-------------+
; Device Name                                                         ; EP1K50QC208-3      ;      ;    ;             ;
; Timing Models                                                       ; Final              ;      ;    ;             ;
; Default hold multicycle                                             ; Same as Multicycle ;      ;    ;             ;
; Cut paths between unrelated clock domains                           ; On                 ;      ;    ;             ;
; Cut off read during write signal paths                              ; On                 ;      ;    ;             ;
; Cut off feedback from I/O pins                                      ; On                 ;      ;    ;             ;
; Report Combined Fast/Slow Timing                                    ; Off                ;      ;    ;             ;
; Ignore Clock Settings                                               ; Off                ;      ;    ;             ;
; Analyze latches as synchronous elements                             ; On                 ;      ;    ;             ;
; Enable Recovery/Removal analysis                                    ; Off                ;      ;    ;             ;
; Enable Clock Latency                                                ; Off                ;      ;    ;             ;
; Use TimeQuest Timing Analyzer                                       ; Off                ;      ;    ;             ;
; Minimum Core Junction Temperature                                   ; 0                  ;      ;    ;             ;
; Maximum Core Junction Temperature                                   ; 85                 ;      ;    ;             ;
; Number of source nodes to report per destination node               ; 10                 ;      ;    ;             ;
; Number of destination nodes to report                               ; 10                 ;      ;    ;             ;
; Number of paths to report                                           ; 200                ;      ;    ;             ;
; Report Minimum Timing Checks                                        ; Off                ;      ;    ;             ;
; Use Fast Timing Models                                              ; Off                ;      ;    ;             ;
; Report IO Paths Separately                                          ; Off                ;      ;    ;             ;
; Perform Multicorner Analysis                                        ; Off                ;      ;    ;             ;
; Reports the worst-case path for each clock domain and analysis      ; Off                ;      ;    ;             ;
; Removes common clock path pessimism (CCPP) during slack computation ; Off                ;      ;    ;             ;
; Output I/O Timing Endpoint                                          ; Near End           ;      ;    ;             ;
+---------------------------------------------------------------------+--------------------+------+----+-------------+


+------------------------------------------------------------------------------------------------------------------------------------------------------------------------------------+
; Clock Settings Summary                                                                                                                                                             ;
+-----------------+--------------------+----------+------------------+---------------+--------------+----------+-----------------------+---------------------+--------+--------------+
; Clock Node Name ; Clock Setting Name ; Type     ; Fmax Requirement ; Early Latency ; Late Latency ; Based on ; Multiply Base Fmax by ; Divide Base Fmax by ; Offset ; Phase offset ;
+-----------------+--------------------+----------+------------------+---------------+--------------+----------+-----------------------+---------------------+--------+--------------+
; clk             ;                    ; User Pin ; None             ; 0.000 ns      ; 0.000 ns     ; --       ; N/A                   ; N/A                 ; N/A    ;              ;
+-----------------+--------------------+----------+------------------+---------------+--------------+----------+-----------------------+---------------------+--------+--------------+


Parallel compilation was disabled, but you have multiple processors available. Enable parallel compilation to reduce compilation time.
+-------------------------------------+
; Parallel Compilation                ;
+----------------------------+--------+
; Processors                 ; Number ;
+----------------------------+--------+
; Number detected on machine ; 2      ;
; Maximum allowed            ; 1      ;
+----------------------------+--------+


+----------------------------------------------------------------------------------------------------------------------------------------------------------------------------------------------------+
; Clock Setup: 'clk'                                                                                                                                                                                 ;
+-------+------------------------------------------------+---------------+---------------+------------+----------+-----------------------------+---------------------------+-------------------------+
; Slack ; Actual fmax (period)                           ; From          ; To            ; From Clock ; To Clock ; Required Setup Relationship ; Required Longest P2P Time ; Actual Longest P2P Time ;
+-------+------------------------------------------------+---------------+---------------+------------+----------+-----------------------------+---------------------------+-------------------------+
; N/A   ; 144.93 MHz ( period = 6.900 ns )               ; count[2]~reg0 ; count[1]~reg0 ; clk        ; clk      ; None                        ; None                      ; 5.500 ns                ;
; N/A   ; 147.06 MHz ( period = 6.800 ns )               ; count[2]~reg0 ; count[3]~reg0 ; clk        ; clk      ; None                        ; None                      ; 5.400 ns                ;
; N/A   ; 149.25 MHz ( period = 6.700 ns )               ; count[0]~reg0 ; count[1]~reg0 ; clk        ; clk      ; None                        ; None                      ; 5.300 ns                ;
; N/A   ; 149.25 MHz ( period = 6.700 ns )               ; count[1]~reg0 ; count[2]~reg0 ; clk        ; clk      ; None                        ; None                      ; 5.300 ns                ;
; N/A   ; 149.25 MHz ( period = 6.700 ns )               ; count[0]~reg0 ; count[3]~reg0 ; clk        ; clk      ; None                        ; None                      ; 5.300 ns                ;
; N/A   ; 166.67 MHz ( period = 6.000 ns )               ; count[3]~reg0 ; count[3]~reg0 ; clk        ; clk      ; None                        ; None                      ; 4.600 ns                ;
; N/A   ; Restricted to 166.67 MHz ( period = 6.000 ns ) ; count[1]~reg0 ; count[1]~reg0 ; clk        ; clk      ; None                        ; None                      ; 4.500 ns                ;
; N/A   ; Restricted to 166.67 MHz ( period = 6.000 ns ) ; count[3]~reg0 ; count[1]~reg0 ; clk        ; clk      ; None                        ; None                      ; 4.500 ns                ;
; N/A   ; Restricted to 166.67 MHz ( period = 6.000 ns ) ; count[0]~reg0 ; count[2]~reg0 ; clk        ; clk      ; None                        ; None                      ; 4.500 ns                ;
; N/A   ; Restricted to 166.67 MHz ( period = 6.000 ns ) ; count[2]~reg0 ; count[2]~reg0 ; clk        ; clk      ; None                        ; None                      ; 4.500 ns                ;
; N/A   ; Restricted to 166.67 MHz ( period = 6.000 ns ) ; count[1]~reg0 ; count[3]~reg0 ; clk        ; clk      ; None                        ; None                      ; 4.500 ns                ;
; N/A   ; Restricted to 166.67 MHz ( period = 6.000 ns ) ; count[0]~reg0 ; count[0]~reg0 ; clk        ; clk      ; None                        ; None                      ; 2.800 ns                ;
+-------+------------------------------------------------+---------------+---------------+------------+----------+-----------------------------+---------------------------+-------------------------+


+------------------------------------------------------------------------+
; tsu                                                                    ;
+-------+--------------+------------+---------+---------------+----------+
; Slack ; Required tsu ; Actual tsu ; From    ; To            ; To Clock ;
+-------+--------------+------------+---------+---------------+----------+
; N/A   ; None         ; 6.600 ns   ; data[2] ; count[2]~reg0 ; clk      ;
; N/A   ; None         ; 6.600 ns   ; data[1] ; count[1]~reg0 ; clk      ;
; N/A   ; None         ; 6.500 ns   ; data[3] ; count[3]~reg0 ; clk      ;
; N/A   ; None         ; 5.000 ns   ; ent     ; count[1]~reg0 ; clk      ;
; N/A   ; None         ; 5.000 ns   ; ent     ; count[3]~reg0 ; clk      ;
; N/A   ; None         ; 4.900 ns   ; enp     ; count[1]~reg0 ; clk      ;
; N/A   ; None         ; 4.900 ns   ; enp     ; count[3]~reg0 ; clk      ;
; N/A   ; None         ; 4.900 ns   ; clr     ; count[1]~reg0 ; clk      ;
; N/A   ; None         ; 4.900 ns   ; clr     ; count[3]~reg0 ; clk      ;
; N/A   ; None         ; 4.800 ns   ; load    ; count[1]~reg0 ; clk      ;
; N/A   ; None         ; 4.800 ns   ; load    ; count[3]~reg0 ; clk      ;
; N/A   ; None         ; 3.900 ns   ; data[0] ; count[0]~reg0 ; clk      ;
; N/A   ; None         ; 3.900 ns   ; load    ; count[0]~reg0 ; clk      ;
; N/A   ; None         ; 3.900 ns   ; ent     ; count[0]~reg0 ; clk      ;
; N/A   ; None         ; 3.900 ns   ; ent     ; count[2]~reg0 ; clk      ;
; N/A   ; None         ; 3.900 ns   ; clr     ; count[2]~reg0 ; clk      ;
; N/A   ; None         ; 3.800 ns   ; enp     ; count[0]~reg0 ; clk      ;
; N/A   ; None         ; 3.800 ns   ; enp     ; count[2]~reg0 ; clk      ;
; N/A   ; None         ; 3.800 ns   ; clr     ; count[0]~reg0 ; clk      ;
; N/A   ; None         ; 3.700 ns   ; load    ; count[2]~reg0 ; clk      ;
+-------+--------------+------------+---------+---------------+----------+


+---------------------------------------------------------------------------+
; tco                                                                       ;
+-------+--------------+------------+---------------+----------+------------+
; Slack ; Required tco ; Actual tco ; From          ; To       ; From Clock ;
+-------+--------------+------------+---------------+----------+------------+
; N/A   ; None         ; 13.500 ns  ; count[0]~reg0 ; tc       ; clk        ;
; N/A   ; None         ; 13.300 ns  ; count[2]~reg0 ; tc       ; clk        ;
; N/A   ; None         ; 12.500 ns  ; count[1]~reg0 ; tc       ; clk        ;
; N/A   ; None         ; 12.500 ns  ; count[3]~reg0 ; tc       ; clk        ;
; N/A   ; None         ; 10.000 ns  ; count[1]~reg0 ; count[1] ; clk        ;
; N/A   ; None         ; 9.900 ns   ; count[3]~reg0 ; count[3] ; clk        ;
; N/A   ; None         ; 9.900 ns   ; count[2]~reg0 ; count[2] ; clk        ;
; N/A   ; None         ; 9.900 ns   ; count[0]~reg0 ; count[0] ; clk        ;
+-------+--------------+------------+---------------+----------+------------+


+---------------------------------------------------------+
; tpd                                                     ;
+-------+-------------------+-----------------+------+----+
; Slack ; Required P2P Time ; Actual P2P Time ; From ; To ;
+-------+-------------------+-----------------+------+----+
; N/A   ; None              ; 13.200 ns       ; ent  ; tc ;
; N/A   ; None              ; 13.100 ns       ; clr  ; tc ;
; N/A   ; None              ; 13.100 ns       ; enp  ; tc ;
; N/A   ; None              ; 13.000 ns       ; load ; tc ;
+-------+-------------------+-----------------+------+----+


+------------------------------------------------------------------------------+
; th                                                                           ;
+---------------+-------------+-----------+---------+---------------+----------+
; Minimum Slack ; Required th ; Actual th ; From    ; To            ; To Clock ;
+---------------+-------------+-----------+---------+---------------+----------+
; N/A           ; None        ; -0.600 ns ; clr     ; count[0]~reg0 ; clk      ;
; N/A           ; None        ; -2.200 ns ; load    ; count[0]~reg0 ; clk      ;
; N/A           ; None        ; -2.200 ns ; load    ; count[1]~reg0 ; clk      ;
; N/A           ; None        ; -2.200 ns ; load    ; count[2]~reg0 ; clk      ;
; N/A           ; None        ; -2.200 ns ; load    ; count[3]~reg0 ; clk      ;
; N/A           ; None        ; -2.300 ns ; enp     ; count[0]~reg0 ; clk      ;
; N/A           ; None        ; -2.300 ns ; enp     ; count[2]~reg0 ; clk      ;
; N/A           ; None        ; -2.300 ns ; clr     ; count[2]~reg0 ; clk      ;
; N/A           ; None        ; -2.400 ns ; data[0] ; count[0]~reg0 ; clk      ;
; N/A           ; None        ; -2.400 ns ; ent     ; count[0]~reg0 ; clk      ;
; N/A           ; None        ; -2.400 ns ; ent     ; count[2]~reg0 ; clk      ;
; N/A           ; None        ; -2.400 ns ; clr     ; count[1]~reg0 ; clk      ;
; N/A           ; None        ; -2.400 ns ; clr     ; count[3]~reg0 ; clk      ;
; N/A           ; None        ; -3.400 ns ; enp     ; count[1]~reg0 ; clk      ;
; N/A           ; None        ; -3.400 ns ; enp     ; count[3]~reg0 ; clk      ;
; N/A           ; None        ; -3.500 ns ; ent     ; count[1]~reg0 ; clk      ;
; N/A           ; None        ; -3.500 ns ; ent     ; count[3]~reg0 ; clk      ;
; N/A           ; None        ; -5.000 ns ; data[3] ; count[3]~reg0 ; clk      ;
; N/A           ; None        ; -5.100 ns ; data[2] ; count[2]~reg0 ; clk      ;
; N/A           ; None        ; -5.100 ns ; data[1] ; count[1]~reg0 ; clk      ;
+---------------+-------------+-----------+---------+---------------+----------+


+--------------------------+
; Timing Analyzer Messages ;
+--------------------------+
Info: *******************************************************************
Info: Running Quartus II Classic Timing Analyzer
    Info: Version 9.0 Build 235 06/17/2009 Service Pack 2 SJ Web Edition
    Info: Processing started: Mon Apr 27 00:24:18 2015
Info: Command: quartus_tan --read_settings_files=off --write_settings_files=off ls160 -c ls160
Info: Started post-fitting delay annotation
Info: Delay annotation completed successfully
Warning: Found pins functioning as undefined clocks and/or memory enables
    Info: Assuming node "clk" is an undefined clock
Info: Clock "clk" has Internal fmax of 144.93 MHz between source register "count[2]~reg0" and destination register "count[1]~reg0" (period= 6.9 ns)
    Info: + Longest register to register delay is 5.500 ns
        Info: 1: + IC(0.000 ns) + CELL(0.000 ns) = 0.000 ns; Loc. = LC1_A35; Fanout = 5; REG Node = 'count[2]~reg0'
        Info: 2: + IC(1.100 ns) + CELL(1.600 ns) = 2.700 ns; Loc. = LC3_A36; Fanout = 1; COMB Node = 'count~28'
        Info: 3: + IC(0.200 ns) + CELL(1.500 ns) = 4.400 ns; Loc. = LC4_A36; Fanout = 1; COMB Node = 'count~29'
        Info: 4: + IC(0.200 ns) + CELL(0.900 ns) = 5.500 ns; Loc. = LC6_A36; Fanout = 5; REG Node = 'count[1]~reg0'
        Info: Total cell delay = 4.000 ns ( 72.73 % )
        Info: Total interconnect delay = 1.500 ns ( 27.27 % )
    Info: - Smallest clock skew is 0.000 ns
        Info: + Shortest clock path from clock "clk" to destination register is 3.500 ns
            Info: 1: + IC(0.000 ns) + CELL(2.200 ns) = 2.200 ns; Loc. = PIN_79; Fanout = 4; CLK Node = 'clk'
            Info: 2: + IC(1.300 ns) + CELL(0.000 ns) = 3.500 ns; Loc. = LC6_A36; Fanout = 5; REG Node = 'count[1]~reg0'
            Info: Total cell delay = 2.200 ns ( 62.86 % )
            Info: Total interconnect delay = 1.300 ns ( 37.14 % )
        Info: - Longest clock path from clock "clk" to source register is 3.500 ns
            Info: 1: + IC(0.000 ns) + CELL(2.200 ns) = 2.200 ns; Loc. = PIN_79; Fanout = 4; CLK Node = 'clk'
            Info: 2: + IC(1.300 ns) + CELL(0.000 ns) = 3.500 ns; Loc. = LC1_A35; Fanout = 5; REG Node = 'count[2]~reg0'
            Info: Total cell delay = 2.200 ns ( 62.86 % )
            Info: Total interconnect delay = 1.300 ns ( 37.14 % )
    Info: + Micro clock to output delay of source is 0.700 ns
    Info: + Micro setup delay of destination is 0.700 ns
Info: tsu for register "count[2]~reg0" (data pin = "data[2]", clock pin = "clk") is 6.600 ns
    Info: + Longest pin to register delay is 9.400 ns
        Info: 1: + IC(0.000 ns) + CELL(3.000 ns) = 3.000 ns; Loc. = PIN_147; Fanout = 1; PIN Node = 'data[2]'
        Info: 2: + IC(3.800 ns) + CELL(1.500 ns) = 8.300 ns; Loc. = LC6_A35; Fanout = 1; COMB Node = 'count~30'
        Info: 3: + IC(0.200 ns) + CELL(0.900 ns) = 9.400 ns; Loc. = LC1_A35; Fanout = 5; REG Node = 'count[2]~reg0'
        Info: Total cell delay = 5.400 ns ( 57.45 % )
        Info: Total interconnect delay = 4.000 ns ( 42.55 % )
    Info: + Micro setup delay of destination is 0.700 ns
    Info: - Shortest clock path from clock "clk" to destination register is 3.500 ns
        Info: 1: + IC(0.000 ns) + CELL(2.200 ns) = 2.200 ns; Loc. = PIN_79; Fanout = 4; CLK Node = 'clk'
        Info: 2: + IC(1.300 ns) + CELL(0.000 ns) = 3.500 ns; Loc. = LC1_A35; Fanout = 5; REG Node = 'count[2]~reg0'
        Info: Total cell delay = 2.200 ns ( 62.86 % )
        Info: Total interconnect delay = 1.300 ns ( 37.14 % )
Info: tco from clock "clk" to destination pin "tc" through register "count[0]~reg0" is 13.500 ns
    Info: + Longest clock path from clock "clk" to source register is 3.500 ns
        Info: 1: + IC(0.000 ns) + CELL(2.200 ns) = 2.200 ns; Loc. = PIN_79; Fanout = 4; CLK Node = 'clk'
        Info: 2: + IC(1.300 ns) + CELL(0.000 ns) = 3.500 ns; Loc. = LC5_A35; Fanout = 6; REG Node = 'count[0]~reg0'
        Info: Total cell delay = 2.200 ns ( 62.86 % )
        Info: Total interconnect delay = 1.300 ns ( 37.14 % )
    Info: + Micro clock to output delay of source is 0.700 ns
    Info: + Longest register to pin delay is 9.300 ns
        Info: 1: + IC(0.000 ns) + CELL(0.000 ns) = 0.000 ns; Loc. = LC5_A35; Fanout = 6; REG Node = 'count[0]~reg0'
        Info: 2: + IC(1.100 ns) + CELL(1.600 ns) = 2.700 ns; Loc. = LC2_A36; Fanout = 1; COMB Node = 'tc~9'
        Info: 3: + IC(2.000 ns) + CELL(4.600 ns) = 9.300 ns; Loc. = PIN_149; Fanout = 0; PIN Node = 'tc'
        Info: Total cell delay = 6.200 ns ( 66.67 % )
        Info: Total interconnect delay = 3.100 ns ( 33.33 % )
Info: Longest tpd from source pin "ent" to destination pin "tc" is 13.200 ns
    Info: 1: + IC(0.000 ns) + CELL(2.200 ns) = 2.200 ns; Loc. = PIN_78; Fanout = 2; PIN Node = 'ent'
    Info: 2: + IC(1.800 ns) + CELL(1.100 ns) = 5.100 ns; Loc. = LC1_A36; Fanout = 1; COMB Node = 'tc~12'
    Info: 3: + IC(0.000 ns) + CELL(1.500 ns) = 6.600 ns; Loc. = LC2_A36; Fanout = 1; COMB Node = 'tc~9'
    Info: 4: + IC(2.000 ns) + CELL(4.600 ns) = 13.200 ns; Loc. = PIN_149; Fanout = 0; PIN Node = 'tc'
    Info: Total cell delay = 9.400 ns ( 71.21 % )
    Info: Total interconnect delay = 3.800 ns ( 28.79 % )
Info: th for register "count[0]~reg0" (data pin = "clr", clock pin = "clk") is -0.600 ns
    Info: + Longest clock path from clock "clk" to destination register is 3.500 ns
        Info: 1: + IC(0.000 ns) + CELL(2.200 ns) = 2.200 ns; Loc. = PIN_79; Fanout = 4; CLK Node = 'clk'
        Info: 2: + IC(1.300 ns) + CELL(0.000 ns) = 3.500 ns; Loc. = LC5_A35; Fanout = 6; REG Node = 'count[0]~reg0'
        Info: Total cell delay = 2.200 ns ( 62.86 % )
        Info: Total interconnect delay = 1.300 ns ( 37.14 % )
    Info: + Micro hold delay of destination is 0.800 ns
    Info: - Shortest pin to register delay is 4.900 ns
        Info: 1: + IC(0.000 ns) + CELL(2.200 ns) = 2.200 ns; Loc. = PIN_184; Fanout = 6; PIN Node = 'clr'
        Info: 2: + IC(1.800 ns) + CELL(0.900 ns) = 4.900 ns; Loc. = LC5_A35; Fanout = 6; REG Node = 'count[0]~reg0'
        Info: Total cell delay = 3.100 ns ( 63.27 % )
        Info: Total interconnect delay = 1.800 ns ( 36.73 % )
Info: Quartus II Classic Timing Analyzer was successful. 0 errors, 1 warning
    Info: Peak virtual memory: 173 megabytes
    Info: Processing ended: Mon Apr 27 00:24:18 2015
    Info: Elapsed time: 00:00:00
    Info: Total CPU time (on all processors): 00:00:00


